#
# There is insufficient memory for the Java Runtime Environment to continue.
# Native memory allocation (malloc) failed to allocate 1048576 bytes for AllocateHeap
# Possible reasons:
#   The system is out of physical RAM or swap space
#   The process is running with CompressedOops enabled, and the Java Heap may be blocking the growth of the native heap
# Possible solutions:
#   Reduce memory load on the system
#   Increase physical memory or swap space
#   Check if swap backing store is full
#   Decrease Java heap size (-Xmx/-Xms)
#   Decrease number of Java threads
#   Decrease Java thread stack sizes (-Xss)
#   Set larger code cache with -XX:ReservedCodeCacheSize=
#   JVM is running with Unscaled Compressed Oops mode in which the Java heap is
#     placed in the first 4GB address space. The Java Heap base address is the
#     maximum limit for the native heap growth. Please use -XX:HeapBaseMinAddress
#     to set the Java Heap base and to place the Java Heap above 4GB virtual address.
# This output file may be truncated or incomplete.
#
#  Out of Memory Error (memory/allocation.inline.hpp:61), pid=15816, tid=0x0000000000002490
#
# JRE version:  (8.0_301-b09) (build )
# Java VM: Java HotSpot(TM) 64-Bit Server VM (25.301-b09 mixed mode windows-amd64 compressed oops)
# Failed to write core dump. Minidumps are not enabled by default on client versions of Windows
#

---------------  T H R E A D  ---------------

Current thread (0x000002632bee1000):  JavaThread "Unknown thread" [_thread_in_vm, id=9360, stack(0x0000009830300000,0x0000009830400000)]

Stack: [0x0000009830300000,0x0000009830400000]
Native frames: (J=compiled Java code, j=interpreted, Vv=VM code, C=native code)
V  [jvm.dll+0x32ed79]
V  [jvm.dll+0x275722]
V  [jvm.dll+0x2763cd]
V  [jvm.dll+0x26ce05]
V  [jvm.dll+0x509d]
V  [jvm.dll+0x3c9fec]
V  [jvm.dll+0x3c6367]
V  [jvm.dll+0xfcdcf]
V  [jvm.dll+0x20a0bb]
V  [jvm.dll+0x238ae7]
V  [jvm.dll+0x162876]
C  [javaw.exe+0x2322]
C  [javaw.exe+0x16544]
C  [KERNEL32.DLL+0x17034]
C  [ntdll.dll+0x4cec1]


---------------  P R O C E S S  ---------------

Java Threads: ( => current thread )

Other Threads:

=>0x000002632bee1000 (exited) JavaThread "Unknown thread" [_thread_in_vm, id=9360, stack(0x0000009830300000,0x0000009830400000)]

VM state:not at safepoint (normal execution)

VM Mutex/Monitor currently owned by a thread: None

heap address: 0x00000000a1a00000, size: 1510 MB, Compressed Oops mode: 32-bit
Narrow klass base: 0x0000000000000000, Narrow klass shift: 3
Compressed class space size: 1073741824 Address: 0x0000000100000000

Heap:
 PSYoungGen      total 28672K, used 491K [0x00000000e0900000, 0x00000000e2900000, 0x0000000100000000)
  eden space 24576K, 2% used [0x00000000e0900000,0x00000000e097ae20,0x00000000e2100000)
  from space 4096K, 0% used [0x00000000e2500000,0x00000000e2500000,0x00000000e2900000)
  to   space 4096K, 0% used [0x00000000e2100000,0x00000000e2100000,0x00000000e2500000)
 ParOldGen       total 65536K, used 0K [0x00000000a1a00000, 0x00000000a5a00000, 0x00000000e0900000)
  object space 65536K, 0% used [0x00000000a1a00000,0x00000000a1a00000,0x00000000a5a00000)
 Metaspace       used 753K, capacity 4480K, committed 4480K, reserved 1056768K
  class space    used 76K, capacity 384K, committed 384K, reserved 1048576K

Card table byte_map: [0x000002633cc80000,0x000002633cf80000] byte_map_base: 0x000002633c773000

Marking Bits: (ParMarkBitMap*) 0x00000000758e7fe0
 Begin Bits: [0x000002633d180000, 0x000002633e918000)
 End Bits:   [0x000002633e918000, 0x00000263400b0000)

Polling page: 0x000002632be20000

CodeCache: size=245760Kb used=328Kb max_used=328Kb free=245431Kb
 bounds [0x000002632d8c0000, 0x000002632db30000, 0x000002633c8c0000]
 total_blobs=58 nmethods=0 adapters=38
 compilation: enabled

Compilation events (0 events):
No events

GC Heap History (0 events):
No events

Deoptimization events (0 events):
No events

Classes redefined (0 events):
No events

Internal exceptions (0 events):
No events

Events (10 events):
Event: 0.025 loading class java/lang/Short
Event: 0.025 loading class java/lang/Short done
Event: 0.025 loading class java/lang/Integer
Event: 0.025 loading class java/lang/Integer done
Event: 0.025 loading class java/lang/Long
Event: 0.025 loading class java/lang/Long done
Event: 0.026 loading class java/lang/NullPointerException
Event: 0.026 loading class java/lang/NullPointerException done
Event: 0.026 loading class java/lang/ArithmeticException
Event: 0.026 loading class java/lang/ArithmeticException done


Dynamic libraries:
0x00007ff637a80000 - 0x00007ff637ac7000 	C:\Program Files\Java\jre1.8.0_301\bin\javaw.exe
0x00007ffac46b0000 - 0x00007ffac48a6000 	C:\Windows\SYSTEM32\ntdll.dll
0x00007ffac2bc0000 - 0x00007ffac2c7d000 	C:\Windows\System32\KERNEL32.DLL
0x00007ffac20e0000 - 0x00007ffac23a8000 	C:\Windows\System32\KERNELBASE.dll
0x00007ffac3230000 - 0x00007ffac32dc000 	C:\Windows\System32\ADVAPI32.dll
0x00007ffac3dd0000 - 0x00007ffac3e6e000 	C:\Windows\System32\msvcrt.dll
0x00007ffac2fe0000 - 0x00007ffac307b000 	C:\Windows\System32\sechost.dll
0x00007ffac3e70000 - 0x00007ffac3f94000 	C:\Windows\System32\RPCRT4.dll
0x00007ffac29c0000 - 0x00007ffac2b60000 	C:\Windows\System32\USER32.dll
0x00007ffac1df0000 - 0x00007ffac1e12000 	C:\Windows\System32\win32u.dll
0x00007ffac28a0000 - 0x00007ffac28ca000 	C:\Windows\System32\GDI32.dll
0x00007ffac23b0000 - 0x00007ffac24b9000 	C:\Windows\System32\gdi32full.dll
0x00007ffac2620000 - 0x00007ffac26bd000 	C:\Windows\System32\msvcp_win.dll
0x00007ffac1ea0000 - 0x00007ffac1fa0000 	C:\Windows\System32\ucrtbase.dll
0x00007ffaaae40000 - 0x00007ffaab0db000 	C:\Windows\WinSxS\amd64_microsoft.windows.common-controls_6595b64144ccf1df_6.0.19041.488_none_ca04af081b815d21\COMCTL32.dll
0x00007ffac2990000 - 0x00007ffac29c0000 	C:\Windows\System32\IMM32.DLL
0x00007ffaa7d20000 - 0x00007ffaa7d35000 	C:\Program Files\Java\jre1.8.0_301\bin\vcruntime140.dll
0x00007ffa8a2d0000 - 0x00007ffa8a36b000 	C:\Program Files\Java\jre1.8.0_301\bin\msvcp140.dll
0x0000000075100000 - 0x0000000075960000 	C:\Program Files\Java\jre1.8.0_301\bin\server\jvm.dll
0x00007ffac3fa0000 - 0x00007ffac3fa8000 	C:\Windows\System32\PSAPI.DLL
0x00007ffab64d0000 - 0x00007ffab64da000 	C:\Windows\SYSTEM32\VERSION.dll
0x00007ffaaacb0000 - 0x00007ffaaacd7000 	C:\Windows\SYSTEM32\WINMM.dll
0x00007ffab6fe0000 - 0x00007ffab6fe9000 	C:\Windows\SYSTEM32\WSOCK32.dll
0x00007ffac2ec0000 - 0x00007ffac2f2b000 	C:\Windows\System32\WS2_32.dll
0x00007ffabfd60000 - 0x00007ffabfd72000 	C:\Windows\SYSTEM32\kernel.appcore.dll
0x00007ffaa6cb0000 - 0x00007ffaa6cc0000 	C:\Program Files\Java\jre1.8.0_301\bin\verify.dll
0x00007ffaa4a00000 - 0x00007ffaa4a2b000 	C:\Program Files\Java\jre1.8.0_301\bin\java.dll
0x00007ffaa5600000 - 0x00007ffaa5618000 	C:\Program Files\Java\jre1.8.0_301\bin\zip.dll
0x00007ffaae9f0000 - 0x00007ffaaebd4000 	C:\Windows\SYSTEM32\dbghelp.dll
0x00007ffac1e20000 - 0x00007ffac1e9f000 	C:\Windows\System32\bcryptPrimitives.dll

VM Arguments:
jvm_args: -Dfile.encoding=Cp1252 
java_command: com.controller.Client
java_class_path (initial): C:\Users\Rahul\git\Training-Academy-Application\TrainingAcademy\bin;K:\Project\JAVA\MySQL\mysql-connector-java-8.0.16.jar
Launcher Type: SUN_STANDARD

Environment Variables:
CLASSPATH=C:\Program Files\Java\jdk1.8.0_301\lib;.;
PATH=C:/Program Files/Java/jre1.8.0_301/bin/server;C:/Program Files/Java/jre1.8.0_301/bin;C:/Program Files/Java/jre1.8.0_301/lib/amd64;C:\Program Files (x86)\Common Files\Oracle\Java\javapath;C:\Python39\Scripts\;C:\Python39\;C:\Windows\system32;C:\Windows;C:\Windows\System32\Wbem;C:\Windows\System32\WindowsPowerShell\v1.0\;C:\Windows\System32\OpenSSH\;C:\Program Files (x86)\Intel\OpenCL SDK\2.0\bin\x86;C:\Program Files (x86)\Intel\OpenCL SDK\2.0\bin\x64;C:\Program Files\nodejs\;C:\ProgramData\chocolatey\bin;C:\Users\Rahul\AppData\Local\Microsoft\WindowsApps;C:\Users\Rahul\AppData\Local\Programs\Microsoft VS Code\bin;C:\Users\Rahul\AppData\Roaming\npm;C:\adb;C:\Program Files\Java\jdk1.8.0_301\bin;C:\Program Files\MySQL\MySQL Shell 8.0\bin\;C:\Users\Rahul\AppData\Local\Microsoft\WindowsApps;C:\Users\Rahul\AppData\Roaming\npm;C:\Program Files\JetBrains\IntelliJ IDEA Community Edition 2021.2.1\bin;;K:\Software\College Software\JAVA\eclipse-jee-oxygen-R-win32-x86_64\eclipse;
USERNAME=Rahul
OS=Windows_NT
PROCESSOR_IDENTIFIER=Intel64 Family 6 Model 42 Stepping 7, GenuineIntel



---------------  S Y S T E M  ---------------

OS: Windows 10.0 , 64 bit Build 19041 (10.0.19041.546)

CPU:total 4 (initial active 4) (2 cores per cpu, 2 threads per core) family 6 model 42 stepping 7, cmov, cx8, fxsr, mmx, sse, sse2, sse3, ssse3, sse4.1, sse4.2, popcnt, avx, clmul, ht, tsc, tscinvbit

Memory: 4k page, physical 6182964k(540640k free), swap 22418224k(5140k free)

vm_info: Java HotSpot(TM) 64-Bit Server VM (25.301-b09) for windows-amd64 JRE (1.8.0_301-b09), built on Jun  9 2021 06:46:21 by "java_re" with MS VC++ 15.9 (VS2017)

time: Thu Sep 23 01:33:29 2021
timezone: India Standard Time
elapsed time: 0.133260 seconds (0d 0h 0m 0s)

